# JRE version: Java(TM) SE Runtime Environment (8.0_77-b03) (build 1.8.0_77-b03)
# Java VM: Java HotSpot(TM) 64-Bit Server VM (25.77-b03 mixed mode linux-amd64 compressed oops)
Heap:
 PSYoungGen      total 380416K, used 33941K [0x00000000e0000000, 0x00000000fb880000, 0x0000000100000000)
  eden space 330240K, 0% used [0x00000000e0000000,0x00000000e0000000,0x00000000f4280000)
  from space 50176K, 67% used [0x00000000f4280000,0x00000000f63a5488,0x00000000f7380000)
  to   space 46592K, 0% used [0x00000000f7380000,0x00000000f7380000,0x00000000fa100000)
 ParOldGen       total 165376K, used 140182K [0x00000000a0000000, 0x00000000aa180000, 0x00000000e0000000)
  object space 165376K, 84% used [0x00000000a0000000,0x00000000a88e5be8,0x00000000aa180000)
 Metaspace       used 70466K, capacity 72166K, committed 74112K, reserved 1114112K
  class space    used 9085K, capacity 9392K, committed 9856K, reserved 1048576K
GC Heap History (10 events):
Event: 2407.747 GC heap after
Heap after GC invocations=25 (full 4):
 PSYoungGen      total 253440K, used 30191K [0x00000000e0000000, 0x00000000f4e00000, 0x0000000100000000)
  eden space 223232K, 0% used [0x00000000e0000000,0x00000000e0000000,0x00000000eda00000)
  from space 30208K, 99% used [0x00000000eda00000,0x00000000ef77bdb8,0x00000000ef780000)
  to   space 37888K, 0% used [0x00000000f2900000,0x00000000f2900000,0x00000000f4e00000)
 ParOldGen       total 111104K, used 84199K [0x00000000a0000000, 0x00000000a6c80000, 0x00000000e0000000)
  object space 111104K, 75% used [0x00000000a0000000,0x00000000a5239d78,0x00000000a6c80000)
 Metaspace       used 69644K, capacity 72172K, committed 72448K, reserved 1112064K
  class space    used 9180K, capacity 9693K, committed 9728K, reserved 1048576K
}
Event: 2408.563 GC heap before
{Heap before GC invocations=26 (full 4):
 PSYoungGen      total 253440K, used 253423K [0x00000000e0000000, 0x00000000f4e00000, 0x0000000100000000)
  eden space 223232K, 100% used [0x00000000e0000000,0x00000000eda00000,0x00000000eda00000)
  from space 30208K, 99% used [0x00000000eda00000,0x00000000ef77bdb8,0x00000000ef780000)
  to   space 37888K, 0% used [0x00000000f2900000,0x00000000f2900000,0x00000000f4e00000)
 ParOldGen       total 111104K, used 84199K [0x00000000a0000000, 0x00000000a6c80000, 0x00000000e0000000)
  object space 111104K, 75% used [0x00000000a0000000,0x00000000a5239d78,0x00000000a6c80000)
 Metaspace       used 69724K, capacity 72236K, committed 72448K, reserved 1112064K
  class space    used 9180K, capacity 9693K, committed 9728K, reserved 1048576K
Event: 2408.645 GC heap after
Heap after GC invocations=26 (full 4):
 PSYoungGen      total 300544K, used 30781K [0x00000000e0000000, 0x00000000f6080000, 0x0000000100000000)
  eden space 262656K, 0% used [0x00000000e0000000,0x00000000e0000000,0x00000000f0080000)
  from space 37888K, 81% used [0x00000000f2900000,0x00000000f470f5e0,0x00000000f4e00000)
  to   space 41472K, 0% used [0x00000000f0080000,0x00000000f0080000,0x00000000f2900000)
 ParOldGen       total 111104K, used 105179K [0x00000000a0000000, 0x00000000a6c80000, 0x00000000e0000000)
  object space 111104K, 94% used [0x00000000a0000000,0x00000000a66b6ff0,0x00000000a6c80000)
 Metaspace       used 69724K, capacity 72236K, committed 72448K, reserved 1112064K
  class space    used 9180K, capacity 9693K, committed 9728K, reserved 1048576K
}
Event: 2408.651 GC heap before
{Heap before GC invocations=27 (full 5):
 PSYoungGen      total 300544K, used 30781K [0x00000000e0000000, 0x00000000f6080000, 0x0000000100000000)
  eden space 262656K, 0% used [0x00000000e0000000,0x00000000e0000000,0x00000000f0080000)
  from space 37888K, 81% used [0x00000000f2900000,0x00000000f470f5e0,0x00000000f4e00000)
  to   space 41472K, 0% used [0x00000000f0080000,0x00000000f0080000,0x00000000f2900000)
 ParOldGen       total 111104K, used 105179K [0x00000000a0000000, 0x00000000a6c80000, 0x00000000e0000000)
  object space 111104K, 94% used [0x00000000a0000000,0x00000000a66b6ff0,0x00000000a6c80000)
 Metaspace       used 69724K, capacity 72236K, committed 72448K, reserved 1112064K
  class space    used 9180K, capacity 9693K, committed 9728K, reserved 1048576K
Event: 2409.237 GC heap after
Heap after GC invocations=27 (full 5):
 PSYoungGen      total 300544K, used 0K [0x00000000e0000000, 0x00000000f6080000, 0x0000000100000000)
  eden space 262656K, 0% used [0x00000000e0000000,0x00000000e0000000,0x00000000f0080000)
  from space 37888K, 0% used [0x00000000f2900000,0x00000000f2900000,0x00000000f4e00000)
  to   space 41472K, 0% used [0x00000000f0080000,0x00000000f0080000,0x00000000f2900000)
 ParOldGen       total 165376K, used 89040K [0x00000000a0000000, 0x00000000aa180000, 0x00000000e0000000)
  object space 165376K, 53% used [0x00000000a0000000,0x00000000a56f43d8,0x00000000aa180000)
 Metaspace       used 67642K, capacity 69212K, committed 72448K, reserved 1112064K
  class space    used 8755K, capacity 9025K, committed 9728K, reserved 1048576K
}
Event: 2410.103 GC heap before
{Heap before GC invocations=28 (full 5):
 PSYoungGen      total 300544K, used 262656K [0x00000000e0000000, 0x00000000f6080000, 0x0000000100000000)
  eden space 262656K, 100% used [0x00000000e0000000,0x00000000f0080000,0x00000000f0080000)
  from space 37888K, 0% used [0x00000000f2900000,0x00000000f2900000,0x00000000f4e00000)
  to   space 41472K, 0% used [0x00000000f0080000,0x00000000f0080000,0x00000000f2900000)
 ParOldGen       total 165376K, used 89040K [0x00000000a0000000, 0x00000000aa180000, 0x00000000e0000000)
  object space 165376K, 53% used [0x00000000a0000000,0x00000000a56f43d8,0x00000000aa180000)
 Metaspace       used 67770K, capacity 69340K, committed 72448K, reserved 1112064K
  class space    used 8755K, capacity 9025K, committed 9728K, reserved 1048576K
Event: 2410.160 GC heap after
Heap after GC invocations=28 (full 5):
 PSYoungGen      total 304128K, used 37433K [0x00000000e0000000, 0x00000000fa100000, 0x0000000100000000)
  eden space 262656K, 0% used [0x00000000e0000000,0x00000000e0000000,0x00000000f0080000)
  from space 41472K, 90% used [0x00000000f0080000,0x00000000f250e640,0x00000000f2900000)
  to   space 46592K, 0% used [0x00000000f7380000,0x00000000f7380000,0x00000000fa100000)
 ParOldGen       total 165376K, used 89040K [0x00000000a0000000, 0x00000000aa180000, 0x00000000e0000000)
  object space 165376K, 53% used [0x00000000a0000000,0x00000000a56f43d8,0x00000000aa180000)
 Metaspace       used 67770K, capacity 69340K, committed 72448K, reserved 1112064K
  class space    used 8755K, capacity 9025K, committed 9728K, reserved 1048576K
}
Event: 2410.822 GC heap before
{Heap before GC invocations=29 (full 5):
 PSYoungGen      total 304128K, used 300089K [0x00000000e0000000, 0x00000000fa100000, 0x0000000100000000)
  eden space 262656K, 100% used [0x00000000e0000000,0x00000000f0080000,0x00000000f0080000)
  from space 41472K, 90% used [0x00000000f0080000,0x00000000f250e640,0x00000000f2900000)
  to   space 46592K, 0% used [0x00000000f7380000,0x00000000f7380000,0x00000000fa100000)
 ParOldGen       total 165376K, used 89040K [0x00000000a0000000, 0x00000000aa180000, 0x00000000e0000000)
  object space 165376K, 53% used [0x00000000a0000000,0x00000000a56f43d8,0x00000000aa180000)
 Metaspace       used 67865K, capacity 69404K, committed 72448K, reserved 1112064K
  class space    used 8756K, capacity 9025K, committed 9728K, reserved 1048576K
Event: 2411.053 GC heap after
Heap after GC invocations=29 (full 5):
 PSYoungGen      total 376832K, used 36364K [0x00000000e0000000, 0x00000000fb880000, 0x0000000100000000)
  eden space 330240K, 0% used [0x00000000e0000000,0x00000000e0000000,0x00000000f4280000)
  from space 46592K, 78% used [0x00000000f7380000,0x00000000f9703130,0x00000000fa100000)
  to   space 50176K, 0% used [0x00000000f4280000,0x00000000f4280000,0x00000000f7380000)
 ParOldGen       total 165376K, used 124575K [0x00000000a0000000, 0x00000000aa180000, 0x00000000e0000000)
  object space 165376K, 75% used [0x00000000a0000000,0x00000000a79a7e50,0x00000000aa180000)
 Metaspace       used 67865K, capacity 69404K, committed 72448K, reserved 1112064K
  class space    used 8756K, capacity 9025K, committed 9728K, reserved 1048576K
}
Event: 2417.599 GC heap before
{Heap before GC invocations=30 (full 5):
 PSYoungGen      total 376832K, used 365608K [0x00000000e0000000, 0x00000000fb880000, 0x0000000100000000)
  eden space 330240K, 99% used [0x00000000e0000000,0x00000000f4187268,0x00000000f4280000)
  from space 46592K, 78% used [0x00000000f7380000,0x00000000f9703130,0x00000000fa100000)
  to   space 50176K, 0% used [0x00000000f4280000,0x00000000f4280000,0x00000000f7380000)
 ParOldGen       total 165376K, used 124575K [0x00000000a0000000, 0x00000000aa180000, 0x00000000e0000000)
  object space 165376K, 75% used [0x00000000a0000000,0x00000000a79a7e50,0x00000000aa180000)
 Metaspace       used 70466K, capacity 72166K, committed 74112K, reserved 1114112K
  class space    used 9085K, capacity 9392K, committed 9856K, reserved 1048576K

